0 info it worked if it ends with ok
1 verbose cli [ 'D:\\Program Files\\nodejs\\node.exe',
1 verbose cli   'C:\\Users\\ASUS\\AppData\\Roaming\\npm\\node_modules\\cnpm\\node_modules\\npm\\bin\\npm-cli.js',
1 verbose cli   '--userconfig=C:\\Users\\ASUS\\.cnpmrc',
1 verbose cli   '--disturl=https://npm.taobao.org/mirrors/node',
1 verbose cli   '--registry=https://registry.npm.taobao.org',
1 verbose cli   'start' ]
2 info using npm@3.10.10
3 info using node@v4.4.4
4 verbose run-script [ 'prestart', 'start', 'poststart' ]
5 info lifecycle nodebaidu@0.0.0~prestart: nodebaidu@0.0.0
6 silly lifecycle nodebaidu@0.0.0~prestart: no script for prestart, continuing
7 info lifecycle nodebaidu@0.0.0~start: nodebaidu@0.0.0
8 verbose lifecycle nodebaidu@0.0.0~start: unsafe-perm in lifecycle true
9 verbose lifecycle nodebaidu@0.0.0~start: PATH: C:\Users\ASUS\AppData\Roaming\npm\node_modules\cnpm\node_modules\npm\bin\node-gyp-bin;C:\Users\ASUS\Desktop\nodebaidu\node_modules\.bin;E:\;C:\Program Files (x86)\Common Files\NetSarang;F:\app\ASUS\product\11.2.0\client_1;F:\app\ASUS\product\11.2.0\dbhome_1\bin;C:\Program Files (x86)\NVIDIA Corporation\PhysX\Common;C:\ProgramData\Oracle\Java\javapath;C:\Program Files\Common Files\Microsoft Shared\Windows Live;C:\Program Files (x86)\Common Files\Microsoft Shared\Windows Live;C:\Windows\system32;C:\Windows;C:\Windows\system32\wbem;C:\Program Files\Java\jdk1.8.0_20\bin;D:\mysql-5.6.24-winx64\bin;F:\app\ASUS\product\11.2.0\client_1\bin;D:\Program Files\nodejs\;D:\Program Files (x86)\SSH Communications Security\SSH Secure Shell;C:\Users\ASUS\AppData\Roaming\npm
10 verbose lifecycle nodebaidu@0.0.0~start: CWD: C:\Users\ASUS\Desktop\nodebaidu
11 silly lifecycle nodebaidu@0.0.0~start: Args: [ '/d /s /c', 'node ./bin/www' ]
12 silly lifecycle nodebaidu@0.0.0~start: Returned: code: 1  signal: null
13 info lifecycle nodebaidu@0.0.0~start: Failed to exec start script
14 verbose stack Error: nodebaidu@0.0.0 start: `node ./bin/www`
14 verbose stack Exit status 1
14 verbose stack     at EventEmitter.<anonymous> (C:\Users\ASUS\AppData\Roaming\npm\node_modules\cnpm\node_modules\npm\lib\utils\lifecycle.js:255:16)
14 verbose stack     at emitTwo (events.js:87:13)
14 verbose stack     at EventEmitter.emit (events.js:172:7)
14 verbose stack     at ChildProcess.<anonymous> (C:\Users\ASUS\AppData\Roaming\npm\node_modules\cnpm\node_modules\npm\lib\utils\spawn.js:40:14)
14 verbose stack     at emitTwo (events.js:87:13)
14 verbose stack     at ChildProcess.emit (events.js:172:7)
14 verbose stack     at maybeClose (internal/child_process.js:827:16)
14 verbose stack     at Process.ChildProcess._handle.onexit (internal/child_process.js:211:5)
15 verbose pkgid nodebaidu@0.0.0
16 verbose cwd C:\Users\ASUS\Desktop\nodebaidu
17 error Windows_NT 6.1.7601
18 error argv "D:\\Program Files\\nodejs\\node.exe" "C:\\Users\\ASUS\\AppData\\Roaming\\npm\\node_modules\\cnpm\\node_modules\\npm\\bin\\npm-cli.js" "--userconfig=C:\\Users\\ASUS\\.cnpmrc" "--disturl=https://npm.taobao.org/mirrors/node" "--registry=https://registry.npm.taobao.org" "start"
19 error node v4.4.4
20 error npm  v3.10.10
21 error code ELIFECYCLE
22 error nodebaidu@0.0.0 start: `node ./bin/www`
22 error Exit status 1
23 error Failed at the nodebaidu@0.0.0 start script 'node ./bin/www'.
23 error Make sure you have the latest version of node.js and npm installed.
23 error If you do, this is most likely a problem with the nodebaidu package,
23 error not with npm itself.
23 error Tell the author that this fails on your system:
23 error     node ./bin/www
23 error You can get information on how to open an issue for this project with:
23 error     npm bugs nodebaidu
23 error Or if that isn't available, you can get their info via:
23 error     npm owner ls nodebaidu
23 error There is likely additional logging output above.
24 verbose exit [ 1, true ]
